\BOOKMARK [0][-]{section*.1}{\376\377\000D\000e\000c\000l\000a\000r\000a\000t\000i\000o\000n\000\040\000o\000f\000\040\000A\000u\000t\000h\000o\000r\000s\000h\000i\000p}{}% 1
\BOOKMARK [0][-]{section*.2}{\376\377\000A\000b\000s\000t\000r\000a\000c\000t}{}% 2
\BOOKMARK [0][-]{section*.3}{\376\377\000A\000c\000k\000n\000o\000w\000l\000e\000d\000g\000e\000m\000e\000n\000t\000s}{}% 3
\BOOKMARK [0][-]{chapter.10}{\376\377\000I\000n\000t\000r\000o\000d\000u\000c\000t\000i\000o\000n}{}% 4
\BOOKMARK [1][-]{section.11}{\376\377\000M\000o\000t\000i\000v\000a\000t\000i\000o\000n}{chapter.10}% 5
\BOOKMARK [1][-]{section.12}{\376\377\000A\000r\000t\000i\000s\000t\000i\000c\000\040\000B\000a\000c\000k\000g\000r\000o\000u\000n\000d}{chapter.10}% 6
\BOOKMARK [1][-]{section.13}{\376\377\000A\000r\000t\000i\000s\000t\000i\000c\000\040\000A\000i\000m\000s}{chapter.10}% 7
\BOOKMARK [0][-]{chapter.14}{\376\377\000R\000e\000s\000e\000a\000r\000c\000h\000\040\000M\000e\000t\000h\000o\000d\000s}{}% 8
\BOOKMARK [1][-]{section.15}{\376\377\000W\000h\000a\000t}{chapter.14}% 9
\BOOKMARK [1][-]{section.16}{\376\377\000W\000h\000y}{chapter.14}% 10
\BOOKMARK [1][-]{section.17}{\376\377\000W\000h\000o}{chapter.14}% 11
\BOOKMARK [0][-]{chapter.18}{\376\377\000P\000r\000o\000j\000e\000c\000t\000:\000\040\000A\000n\000a\000t\000t\000a}{}% 12
\BOOKMARK [1][-]{section.19}{\376\377\000I\000n\000i\000t\000i\000a\000l\000\040\000I\000d\000e\000a}{chapter.18}% 13
\BOOKMARK [2][-]{subsection.20}{\376\377\000F\000i\000r\000s\000t\000\040\000C\000o\000n\000c\000e\000p\000t}{section.19}% 14
\BOOKMARK [2][-]{subsection.21}{\376\377\000P\000a\000r\000t\000i\000c\000i\000p\000a\000n\000t\000s}{section.19}% 15
\BOOKMARK [2][-]{subsection.22}{\376\377\000R\000o\000l\000e\000s}{section.19}% 16
\BOOKMARK [1][-]{section.23}{\376\377\000D\000e\000v\000e\000l\000o\000p\000m\000e\000n\000t}{chapter.18}% 17
\BOOKMARK [2][-]{subsection.24}{\376\377\000R\000e\000h\000e\000a\000r\000s\000a\000l}{section.23}% 18
\BOOKMARK [2][-]{subsection.25}{\376\377\000T\000e\000c\000h\000n\000o\000l\000o\000g\000y}{section.23}% 19
\BOOKMARK [1][-]{section.26}{\376\377\000R\000e\000s\000u\000l\000t}{chapter.18}% 20
\BOOKMARK [1][-]{section.27}{\376\377\000A\000n\000a\000l\000y\000s\000i\000s}{chapter.18}% 21
\BOOKMARK [2][-]{subsection.28}{\376\377\000F\000e\000e\000d\000b\000a\000c\000k}{section.27}% 22
\BOOKMARK [0][-]{chapter.29}{\376\377\000P\000r\000o\000j\000e\000c\000t\000:\000\040\000S\000e\000e\000\040\000W\000h\000a\000t\000\040\000Y\000o\000u\000\040\000M\000a\000d\000e\000\040\000M\000e\000\040\000D\000o}{}% 23
\BOOKMARK [1][-]{section.30}{\376\377\000I\000n\000i\000t\000i\000a\000l\000\040\000I\000d\000e\000a}{chapter.29}% 24
\BOOKMARK [2][-]{subsection.31}{\376\377\000F\000i\000r\000s\000t\000\040\000C\000o\000n\000c\000e\000p\000t}{section.30}% 25
\BOOKMARK [2][-]{subsection.32}{\376\377\000P\000a\000r\000t\000i\000c\000i\000p\000a\000n\000t\000s}{section.30}% 26
\BOOKMARK [2][-]{subsection.33}{\376\377\000R\000o\000l\000e\000s}{section.30}% 27
\BOOKMARK [1][-]{section.34}{\376\377\000D\000e\000v\000e\000l\000o\000p\000m\000e\000n\000t}{chapter.29}% 28
\BOOKMARK [2][-]{subsection.35}{\376\377\000R\000e\000h\000e\000a\000r\000s\000a\000l}{section.34}% 29
\BOOKMARK [2][-]{subsection.36}{\376\377\000T\000e\000c\000h\000n\000o\000l\000o\000g\000y}{section.34}% 30
\BOOKMARK [1][-]{section.37}{\376\377\000R\000e\000s\000u\000l\000t}{chapter.29}% 31
\BOOKMARK [1][-]{section.38}{\376\377\000A\000n\000a\000l\000y\000s\000i\000s}{chapter.29}% 32
\BOOKMARK [2][-]{subsection.39}{\376\377\000F\000e\000e\000d\000b\000a\000c\000k}{section.38}% 33
\BOOKMARK [0][-]{chapter.40}{\376\377\000P\000r\000o\000j\000e\000c\000t\000:\000\040\000U\000n\000t\000i\000t\000l\000e\000d}{}% 34
\BOOKMARK [1][-]{section.41}{\376\377\000I\000n\000i\000t\000i\000a\000l\000\040\000I\000d\000e\000a}{chapter.40}% 35
\BOOKMARK [2][-]{subsection.42}{\376\377\000F\000i\000r\000s\000t\000\040\000C\000o\000n\000c\000e\000p\000t}{section.41}% 36
\BOOKMARK [2][-]{subsection.43}{\376\377\000P\000a\000r\000t\000i\000c\000i\000p\000a\000n\000t\000s}{section.41}% 37
\BOOKMARK [2][-]{subsection.44}{\376\377\000R\000o\000l\000e\000s}{section.41}% 38
\BOOKMARK [1][-]{section.45}{\376\377\000D\000e\000v\000e\000l\000o\000p\000m\000e\000n\000t}{chapter.40}% 39
\BOOKMARK [2][-]{subsection.46}{\376\377\000R\000e\000h\000e\000a\000r\000s\000a\000l}{section.45}% 40
\BOOKMARK [2][-]{subsection.47}{\376\377\000T\000e\000c\000h\000n\000o\000l\000o\000g\000y}{section.45}% 41
\BOOKMARK [1][-]{section.48}{\376\377\000R\000e\000s\000u\000l\000t}{chapter.40}% 42
\BOOKMARK [1][-]{section.49}{\376\377\000A\000n\000a\000l\000y\000s\000i\000s}{chapter.40}% 43
\BOOKMARK [2][-]{subsection.50}{\376\377\000F\000e\000e\000d\000b\000a\000c\000k}{section.49}% 44
\BOOKMARK [0][-]{chapter.51}{\376\377\000J\000u\000s\000t\000i\000f\000i\000c\000a\000t\000i\000o\000n\000\040\000a\000n\000d\000\040\000L\000i\000m\000i\000t\000a\000t\000i\000o\000n\000s}{}% 45
\BOOKMARK [0][-]{chapter.52}{\376\377\000C\000r\000i\000t\000i\000c\000a\000l\000\040\000R\000e\000f\000l\000e\000c\000t\000i\000o\000n}{}% 46
\BOOKMARK [1][-]{section.53}{\376\377\000C\000o\000m\000p\000a\000r\000i\000s\000o\000n\000\040\000w\000i\000t\000h\000\040\000r\000e\000l\000a\000t\000e\000d\000\040\000w\000o\000r\000k}{chapter.52}% 47
\BOOKMARK [1][-]{section.54}{\376\377\000D\000i\000s\000c\000u\000s\000s\000i\000o\000n\000\040\000o\000f\000\040\000o\000p\000e\000n\000\040\000i\000s\000s\000u\000e\000s}{chapter.52}% 48
\BOOKMARK [0][-]{chapter.55}{\376\377\000C\000o\000n\000c\000l\000u\000s\000i\000o\000n}{}% 49
\BOOKMARK [0][-]{chapter.56}{\376\377\000V\000i\000s\000i\000o\000n\000\040\000f\000o\000r\000\040\000t\000h\000e\000\040\000f\000u\000t\000u\000r\000e}{}% 50
\BOOKMARK [0][-]{appendix.57}{\376\377\000F\000r\000e\000q\000u\000e\000n\000t\000l\000y\000\040\000A\000s\000k\000e\000d\000\040\000Q\000u\000e\000s\000t\000i\000o\000n\000s}{}% 51
\BOOKMARK [1][-]{section.58}{\376\377\000H\000o\000w\000\040\000d\000o\000\040\000I\000\040\000c\000h\000a\000n\000g\000e\000\040\000t\000h\000e\000\040\000c\000o\000l\000o\000r\000s\000\040\000o\000f\000\040\000l\000i\000n\000k\000s\000?}{appendix.57}% 52
